[debug] [2023-05-12T14:32:54.553Z] ----------------------------------------------------------------------
[debug] [2023-05-12T14:32:54.555Z] Command:       C:\Program Files\nodejs\node.exe N:\Coding\Web Dev\React\netflix-clone\node_modules\firebase-tools\lib\bin\firebase.js deploy
[debug] [2023-05-12T14:32:54.555Z] CLI Version:   12.0.0
[debug] [2023-05-12T14:32:54.555Z] Platform:      win32
[debug] [2023-05-12T14:32:54.555Z] Node Version:  v18.12.1
[debug] [2023-05-12T14:32:54.560Z] Time:          Fri May 12 2023 20:02:54 GMT+0530 (India Standard Time)
[debug] [2023-05-12T14:32:54.560Z] ----------------------------------------------------------------------
[debug] 
[debug] [2023-05-12T14:32:54.623Z] > command requires scopes: ["email","openid","https://www.googleapis.com/auth/cloudplatformprojects.readonly","https://www.googleapis.com/auth/firebase","https://www.googleapis.com/auth/cloud-platform"]
[debug] [2023-05-12T14:32:54.623Z] > authorizing via signed-in user (nirzarbhatt031093@gmail.com)
[debug] [2023-05-12T14:32:54.623Z] [iam] checking project netflix-clone-b0032 for permissions ["firebase.projects.get","firebasehosting.sites.update"]
[debug] [2023-05-12T14:32:54.625Z] > refreshing access token with scopes: []
[debug] [2023-05-12T14:32:54.627Z] >>> [apiv2][query] POST https://www.googleapis.com/oauth2/v3/token [none]
[debug] [2023-05-12T14:32:54.627Z] >>> [apiv2][body] POST https://www.googleapis.com/oauth2/v3/token [omitted]
[debug] [2023-05-12T14:32:56.637Z] <<< [apiv2][status] POST https://www.googleapis.com/oauth2/v3/token 200
[debug] [2023-05-12T14:32:56.637Z] <<< [apiv2][body] POST https://www.googleapis.com/oauth2/v3/token [omitted]
[debug] [2023-05-12T14:32:56.644Z] >>> [apiv2][query] POST https://cloudresourcemanager.googleapis.com/v1/projects/netflix-clone-b0032:testIamPermissions [none]
[debug] [2023-05-12T14:32:56.645Z] >>> [apiv2][(partial)header] POST https://cloudresourcemanager.googleapis.com/v1/projects/netflix-clone-b0032:testIamPermissions x-goog-quota-user=projects/netflix-clone-b0032
[debug] [2023-05-12T14:32:56.645Z] >>> [apiv2][body] POST https://cloudresourcemanager.googleapis.com/v1/projects/netflix-clone-b0032:testIamPermissions {"permissions":["firebase.projects.get","firebasehosting.sites.update"]}
[debug] [2023-05-12T14:33:01.588Z] <<< [apiv2][status] POST https://cloudresourcemanager.googleapis.com/v1/projects/netflix-clone-b0032:testIamPermissions 200
[debug] [2023-05-12T14:33:01.588Z] <<< [apiv2][body] POST https://cloudresourcemanager.googleapis.com/v1/projects/netflix-clone-b0032:testIamPermissions {"permissions":["firebase.projects.get","firebasehosting.sites.update"]}
[debug] [2023-05-12T14:33:01.589Z] >>> [apiv2][query] GET https://firebase.googleapis.com/v1beta1/projects/netflix-clone-b0032 [none]
[debug] [2023-05-12T14:33:04.823Z] <<< [apiv2][status] GET https://firebase.googleapis.com/v1beta1/projects/netflix-clone-b0032 200
[debug] [2023-05-12T14:33:04.823Z] <<< [apiv2][body] GET https://firebase.googleapis.com/v1beta1/projects/netflix-clone-b0032 {"projectId":"netflix-clone-b0032","projectNumber":"47410790676","displayName":"netflix-clone","name":"projects/netflix-clone-b0032","resources":{"hostingSite":"netflix-clone-b0032"},"state":"ACTIVE","etag":"1_7eab8533-843e-4502-914a-c2171d7ee587"}
[info] 
[info] === Deploying to 'netflix-clone-b0032'...
[info] 
[info] i  deploying hosting 
[debug] [2023-05-12T14:33:04.829Z] >>> [apiv2][query] POST https://firebasehosting.googleapis.com/v1beta1/projects/-/sites/netflix-clone-b0032/versions [none]
[debug] [2023-05-12T14:33:04.829Z] >>> [apiv2][body] POST https://firebasehosting.googleapis.com/v1beta1/projects/-/sites/netflix-clone-b0032/versions {"status":"CREATED","labels":{"deployment-tool":"cli-firebase"}}
[debug] [2023-05-12T14:33:09.655Z] <<< [apiv2][status] POST https://firebasehosting.googleapis.com/v1beta1/projects/-/sites/netflix-clone-b0032/versions 200
[debug] [2023-05-12T14:33:09.655Z] <<< [apiv2][body] POST https://firebasehosting.googleapis.com/v1beta1/projects/-/sites/netflix-clone-b0032/versions {"name":"projects/47410790676/sites/netflix-clone-b0032/versions/7d8b65859ed322cf","status":"CREATED","config":{},"labels":{"deployment-tool":"cli-firebase"}}
[info] i  hosting[netflix-clone-b0032]: beginning deploy... 
[info] i  hosting[netflix-clone-b0032]: found 34 files in build 
[debug] [2023-05-12T14:33:09.685Z] [hosting] uploading with 200 concurrency
[debug] [2023-05-12T14:33:09.699Z] [hosting] hash cache [YnVpbGQ] stored for 34 files
[debug] [2023-05-12T14:33:09.702Z] [hosting][hash queue][FINAL] {"max":3,"min":0,"avg":0,"active":0,"complete":34,"success":34,"errored":0,"retried":0,"total":34,"elapsed":9}
[debug] [2023-05-12T14:33:09.703Z] >>> [apiv2][query] POST https://firebasehosting.googleapis.com/v1beta1/projects/47410790676/sites/netflix-clone-b0032/versions/7d8b65859ed322cf:populateFiles [none]
[debug] [2023-05-12T14:33:09.703Z] >>> [apiv2][body] POST https://firebasehosting.googleapis.com/v1beta1/projects/47410790676/sites/netflix-clone-b0032/versions/7d8b65859ed322cf:populateFiles {"files":{"/asset-manifest.json":"060e76546a00f4b392f5f8553e76fac27ab5f69db77ddf808a31d4d7c9c3fd90","/favicon.ico":"eae62e993eb980ec8a25058c39d5a51feab118bd2100c4deebb2a9c158ec11f9","/index.html":"714c53735de7ab096ab47152399a019b3a52568507440302da832b18f7d393ee","/logo192.png":"3ee59515172ee198f3be375979df15ac5345183e656720a381b8872b2a39dc8b","/logo512.png":"ee7e2f3fdb8209c4b6fd7bef6ba50d1b9dba30a25bb5c3126df057e1cb6f5331","/manifest.json":"aff3449bdc238776f5d6d967f19ec491b36aed5fb7f23ccff6500736fd58494a","/pngwing.com.png":"4c42ae40ecee27903b1dbcc84007885a3a77735269af94e3f9acd10b06d004c4","/robots.txt":"bfe106a3fb878dc83461c86818bf74fc1bdc7f28538ba613cd3e775516ce8b49","/static/css/main.3079c9f4.css":"5ea41c0d7ca8488e762ff4c5a12dbcce33bd48e712da859134d2456108573d50","/static/css/main.3079c9f4.css.map":"592593c56356a49fcc0abcbba9f13c4c0a244940cb065f958da7f63365e6d6a3","/static/js/main.e1d32a6e.js":"29fbf096906d1b63822edf616d3139493ec9d84c334a1e56f5f9a313d39669ca","/static/js/main.e1d32a6e.js.LICENSE.txt":"fd04f182eab5fa94ca3c6a0eaa5cc6b54a2d548c7db66a144ad1cf97a895ff78","/static/js/main.e1d32a6e.js.map":"e19d09e2bd49c10519de75a3503a79308fdebc7b18c9595dcfbc24527db263fb","/static/media/aot.29ac2a5174cfe7e8f686.jpg":"07f56292bf5252b2994ab51cf0fa913b6451bc78cf04f0db8bb539e08a95bb0b","/static/media/black mirror.385ff7facab96c38cd8f.jpg":"726916f71a7fa7504a82315d70bc4a1a270b556b09762ee110b93976adb5b5f9","/static/media/bvs.9b6fbd715acbc950298b.jpg":"bf0a2955f39c4326d480c3d6f5ef6b60ae013076fb1b7758639df7d5d8079723","/static/media/daredevil.fb10616e70a75ea1c0e9.jpg":"74709e235aa85a28e65af1e39f44debde14d43d77265f671480c5dba9714dd6c","/static/media/dark.fc5ec07620864126a99a.jpg":"7053ed07f507b07a9da47e88fda445c5c562edf0cac152b8085ff326242063e6","/static/media/demon slayer.e85bf06f39669f0ae4ee.jpg":"0e094787955f2492deb5ce7394b21c384aa8e767bfa4bc55c23bb79e4720147d","/static/media/doctor strange.7f73e3042c834a8b8913.jpg":"a3acbee1fefdbad9e2795b9a11d511e905d7064aec51f99f6fce1a28a5dfadc6","/static/media/dragon ball.07a91ebcc58f4e2c2aac.jpg":"07c30812f05fb4fd5f95f4af76d84d80924ed31e7efdab9d75b868a162776582","/static/media/fifty shades.f59db9fcad2457339a60.jpg":"7b6afeebf9bb34625860ca44b794104665cf937eaad6044fc7f070f1fd56c71f","/static/media/game of thrones.4d82bcf200a1526be551.avif":"c8b98f0762865b4613c114c4cbd1f5bd1854f5e6eb2daac6e9b15f84f496f09b","/static/media/hxh.03c47baecc754c665126.jpg":"5696fd4271c8b5b7b3e1a84c92deb83db4087159c75999527689f84ef0198336","/static/media/john wick.55498731fa3b315f6a01.jpg":"30ff6c7e84ad0ae451fb840e975ae5886198d0fc5764857e51b7efa9273dba4f","/static/media/jujutsu kaisen.6d7172fe9117ed264922.jpg":"ab2d5aa29c923bd9ba8a40d8e40b33daffd07a8f208f53f4289e8fe06cb746c7","/static/media/logo.774e8c1632ac9433608b.png":"76880e2b2e5f32aebfe991d0dc25ec603a60b48cb3cb602829e706f7920cf3fd","/static/media/lucifer.c693c414acd472abaf12.jpg":"e116bea595f06938d8b8dcd89f723ca5c16b7a5c0713f932e8d9de3529f8acf9","/static/media/man of steel.571a17f7dbd5cb5d680e.jpg":"3dd001d3f90a8bbed72b7647e7806b6c3ae51a4ab7137005bee2bfa502f9262c","/static/media/mandalorian.2e7e51d02338c6abf0ca.jpg":"aeffc52fc6bd8a14c334a18196d547fe616c670037bef999063e7e52402cb4a1","/static/media/naruto.67cc53325d7d0c97e30b.jpg":"309aa9fbdaa71b2cfc96bf740b51c9e7d24f4124b521c1aac2b517a01e63f23c","/static/media/sherlock.39e2ec53209665fc061f.jpg":"ba03171dd71e1380b830a18bf375f2fd8c0e1fc50980e1a239b44edeb33f7619","/static/media/the vampire diaries.3e1781bfa638545c32f2.jpg":"cebb677d3afbeed01eaec4bcb72e3553c6912498fe868abda528d0758b308953","/static/media/tokyo ghoul.9c5cab689f62ccd17a50.jpg":"fb5b923ea92ebfe0551d3730fa2e655c16d4598f256b6d05894bab57efb09382"}}
[debug] [2023-05-12T14:33:11.815Z] <<< [apiv2][status] POST https://firebasehosting.googleapis.com/v1beta1/projects/47410790676/sites/netflix-clone-b0032/versions/7d8b65859ed322cf:populateFiles 200
[debug] [2023-05-12T14:33:11.815Z] <<< [apiv2][body] POST https://firebasehosting.googleapis.com/v1beta1/projects/47410790676/sites/netflix-clone-b0032/versions/7d8b65859ed322cf:populateFiles {"uploadRequiredHashes":["ba03171dd71e1380b830a18bf375f2fd8c0e1fc50980e1a239b44edeb33f7619","aeffc52fc6bd8a14c334a18196d547fe616c670037bef999063e7e52402cb4a1","e19d09e2bd49c10519de75a3503a79308fdebc7b18c9595dcfbc24527db263fb","74709e235aa85a28e65af1e39f44debde14d43d77265f671480c5dba9714dd6c"],"uploadUrl":"https://upload-firebasehosting.googleapis.com/upload/sites/netflix-clone-b0032/versions/7d8b65859ed322cf/files"}
[debug] [2023-05-12T14:33:11.818Z] >>> [apiv2][query] POST https://upload-firebasehosting.googleapis.com/upload/sites/netflix-clone-b0032/versions/7d8b65859ed322cf/files/ba03171dd71e1380b830a18bf375f2fd8c0e1fc50980e1a239b44edeb33f7619 [none]
[debug] [2023-05-12T14:33:11.818Z] >>> [apiv2][body] POST https://upload-firebasehosting.googleapis.com/upload/sites/netflix-clone-b0032/versions/7d8b65859ed322cf/files/ba03171dd71e1380b830a18bf375f2fd8c0e1fc50980e1a239b44edeb33f7619 [stream]
[debug] [2023-05-12T14:33:11.820Z] >>> [apiv2][query] POST https://upload-firebasehosting.googleapis.com/upload/sites/netflix-clone-b0032/versions/7d8b65859ed322cf/files/aeffc52fc6bd8a14c334a18196d547fe616c670037bef999063e7e52402cb4a1 [none]
[debug] [2023-05-12T14:33:11.820Z] >>> [apiv2][body] POST https://upload-firebasehosting.googleapis.com/upload/sites/netflix-clone-b0032/versions/7d8b65859ed322cf/files/aeffc52fc6bd8a14c334a18196d547fe616c670037bef999063e7e52402cb4a1 [stream]
[debug] [2023-05-12T14:33:11.821Z] >>> [apiv2][query] POST https://upload-firebasehosting.googleapis.com/upload/sites/netflix-clone-b0032/versions/7d8b65859ed322cf/files/e19d09e2bd49c10519de75a3503a79308fdebc7b18c9595dcfbc24527db263fb [none]
[debug] [2023-05-12T14:33:11.821Z] >>> [apiv2][body] POST https://upload-firebasehosting.googleapis.com/upload/sites/netflix-clone-b0032/versions/7d8b65859ed322cf/files/e19d09e2bd49c10519de75a3503a79308fdebc7b18c9595dcfbc24527db263fb [stream]
[debug] [2023-05-12T14:33:11.821Z] >>> [apiv2][query] POST https://upload-firebasehosting.googleapis.com/upload/sites/netflix-clone-b0032/versions/7d8b65859ed322cf/files/74709e235aa85a28e65af1e39f44debde14d43d77265f671480c5dba9714dd6c [none]
[debug] [2023-05-12T14:33:11.821Z] >>> [apiv2][body] POST https://upload-firebasehosting.googleapis.com/upload/sites/netflix-clone-b0032/versions/7d8b65859ed322cf/files/74709e235aa85a28e65af1e39f44debde14d43d77265f671480c5dba9714dd6c [stream]
[debug] [2023-05-12T14:33:11.822Z] [hosting][populate queue][FINAL] {"max":2122,"min":2122,"avg":2122,"active":0,"complete":1,"success":1,"errored":0,"retried":0,"total":1,"elapsed":2126}
[debug] [2023-05-12T14:33:11.822Z] [hosting] uploads queued: 4
[debug] [2023-05-12T14:33:42.245Z] [uploadQueue] Retrying task ba03171dd71e1380b830a18bf375f2fd8c0e1fc50980e1a239b44edeb33f7619
[debug] [2023-05-12T14:33:42.246Z] >>> [apiv2][query] POST https://upload-firebasehosting.googleapis.com/upload/sites/netflix-clone-b0032/versions/7d8b65859ed322cf/files/ba03171dd71e1380b830a18bf375f2fd8c0e1fc50980e1a239b44edeb33f7619 [none]
[debug] [2023-05-12T14:33:42.247Z] >>> [apiv2][body] POST https://upload-firebasehosting.googleapis.com/upload/sites/netflix-clone-b0032/versions/7d8b65859ed322cf/files/ba03171dd71e1380b830a18bf375f2fd8c0e1fc50980e1a239b44edeb33f7619 [stream]
[debug] [2023-05-12T14:33:42.248Z] [uploadQueue] Retrying task aeffc52fc6bd8a14c334a18196d547fe616c670037bef999063e7e52402cb4a1
[debug] [2023-05-12T14:33:42.248Z] >>> [apiv2][query] POST https://upload-firebasehosting.googleapis.com/upload/sites/netflix-clone-b0032/versions/7d8b65859ed322cf/files/aeffc52fc6bd8a14c334a18196d547fe616c670037bef999063e7e52402cb4a1 [none]
[debug] [2023-05-12T14:33:42.248Z] >>> [apiv2][body] POST https://upload-firebasehosting.googleapis.com/upload/sites/netflix-clone-b0032/versions/7d8b65859ed322cf/files/aeffc52fc6bd8a14c334a18196d547fe616c670037bef999063e7e52402cb4a1 [stream]
[debug] [2023-05-12T14:33:44.711Z] [uploadQueue] Retrying task 74709e235aa85a28e65af1e39f44debde14d43d77265f671480c5dba9714dd6c
[debug] [2023-05-12T14:33:44.712Z] >>> [apiv2][query] POST https://upload-firebasehosting.googleapis.com/upload/sites/netflix-clone-b0032/versions/7d8b65859ed322cf/files/74709e235aa85a28e65af1e39f44debde14d43d77265f671480c5dba9714dd6c [none]
[debug] [2023-05-12T14:33:44.712Z] >>> [apiv2][body] POST https://upload-firebasehosting.googleapis.com/upload/sites/netflix-clone-b0032/versions/7d8b65859ed322cf/files/74709e235aa85a28e65af1e39f44debde14d43d77265f671480c5dba9714dd6c [stream]
[debug] [2023-05-12T14:34:13.050Z] [uploadQueue] Retrying task ba03171dd71e1380b830a18bf375f2fd8c0e1fc50980e1a239b44edeb33f7619
[debug] [2023-05-12T14:34:13.051Z] >>> [apiv2][query] POST https://upload-firebasehosting.googleapis.com/upload/sites/netflix-clone-b0032/versions/7d8b65859ed322cf/files/ba03171dd71e1380b830a18bf375f2fd8c0e1fc50980e1a239b44edeb33f7619 [none]
[debug] [2023-05-12T14:34:13.051Z] >>> [apiv2][body] POST https://upload-firebasehosting.googleapis.com/upload/sites/netflix-clone-b0032/versions/7d8b65859ed322cf/files/ba03171dd71e1380b830a18bf375f2fd8c0e1fc50980e1a239b44edeb33f7619 [stream]
[debug] [2023-05-12T14:34:13.052Z] [uploadQueue] Retrying task aeffc52fc6bd8a14c334a18196d547fe616c670037bef999063e7e52402cb4a1
[debug] [2023-05-12T14:34:13.052Z] >>> [apiv2][query] POST https://upload-firebasehosting.googleapis.com/upload/sites/netflix-clone-b0032/versions/7d8b65859ed322cf/files/aeffc52fc6bd8a14c334a18196d547fe616c670037bef999063e7e52402cb4a1 [none]
[debug] [2023-05-12T14:34:13.052Z] >>> [apiv2][body] POST https://upload-firebasehosting.googleapis.com/upload/sites/netflix-clone-b0032/versions/7d8b65859ed322cf/files/aeffc52fc6bd8a14c334a18196d547fe616c670037bef999063e7e52402cb4a1 [stream]
[debug] [2023-05-12T14:34:17.993Z] [uploadQueue] Retrying task 74709e235aa85a28e65af1e39f44debde14d43d77265f671480c5dba9714dd6c
[debug] [2023-05-12T14:34:17.994Z] >>> [apiv2][query] POST https://upload-firebasehosting.googleapis.com/upload/sites/netflix-clone-b0032/versions/7d8b65859ed322cf/files/74709e235aa85a28e65af1e39f44debde14d43d77265f671480c5dba9714dd6c [none]
[debug] [2023-05-12T14:34:17.994Z] >>> [apiv2][body] POST https://upload-firebasehosting.googleapis.com/upload/sites/netflix-clone-b0032/versions/7d8b65859ed322cf/files/74709e235aa85a28e65af1e39f44debde14d43d77265f671480c5dba9714dd6c [stream]
[debug] [2023-05-12T14:34:44.668Z] [uploadQueue] Retrying task ba03171dd71e1380b830a18bf375f2fd8c0e1fc50980e1a239b44edeb33f7619
[debug] [2023-05-12T14:34:44.669Z] >>> [apiv2][query] POST https://upload-firebasehosting.googleapis.com/upload/sites/netflix-clone-b0032/versions/7d8b65859ed322cf/files/ba03171dd71e1380b830a18bf375f2fd8c0e1fc50980e1a239b44edeb33f7619 [none]
[debug] [2023-05-12T14:34:44.669Z] >>> [apiv2][body] POST https://upload-firebasehosting.googleapis.com/upload/sites/netflix-clone-b0032/versions/7d8b65859ed322cf/files/ba03171dd71e1380b830a18bf375f2fd8c0e1fc50980e1a239b44edeb33f7619 [stream]
[debug] [2023-05-12T14:34:44.670Z] [uploadQueue] Retrying task aeffc52fc6bd8a14c334a18196d547fe616c670037bef999063e7e52402cb4a1
[debug] [2023-05-12T14:34:44.671Z] >>> [apiv2][query] POST https://upload-firebasehosting.googleapis.com/upload/sites/netflix-clone-b0032/versions/7d8b65859ed322cf/files/aeffc52fc6bd8a14c334a18196d547fe616c670037bef999063e7e52402cb4a1 [none]
[debug] [2023-05-12T14:34:44.671Z] >>> [apiv2][body] POST https://upload-firebasehosting.googleapis.com/upload/sites/netflix-clone-b0032/versions/7d8b65859ed322cf/files/aeffc52fc6bd8a14c334a18196d547fe616c670037bef999063e7e52402cb4a1 [stream]
[debug] [2023-05-12T14:34:52.087Z] [uploadQueue] Retrying task 74709e235aa85a28e65af1e39f44debde14d43d77265f671480c5dba9714dd6c
[debug] [2023-05-12T14:34:52.089Z] >>> [apiv2][query] POST https://upload-firebasehosting.googleapis.com/upload/sites/netflix-clone-b0032/versions/7d8b65859ed322cf/files/74709e235aa85a28e65af1e39f44debde14d43d77265f671480c5dba9714dd6c [none]
[debug] [2023-05-12T14:34:52.089Z] >>> [apiv2][body] POST https://upload-firebasehosting.googleapis.com/upload/sites/netflix-clone-b0032/versions/7d8b65859ed322cf/files/74709e235aa85a28e65af1e39f44debde14d43d77265f671480c5dba9714dd6c [stream]
[debug] [2023-05-12T14:35:17.882Z] [uploadQueue] Retrying task ba03171dd71e1380b830a18bf375f2fd8c0e1fc50980e1a239b44edeb33f7619
[debug] [2023-05-12T14:35:17.883Z] >>> [apiv2][query] POST https://upload-firebasehosting.googleapis.com/upload/sites/netflix-clone-b0032/versions/7d8b65859ed322cf/files/ba03171dd71e1380b830a18bf375f2fd8c0e1fc50980e1a239b44edeb33f7619 [none]
[debug] [2023-05-12T14:35:17.883Z] >>> [apiv2][body] POST https://upload-firebasehosting.googleapis.com/upload/sites/netflix-clone-b0032/versions/7d8b65859ed322cf/files/ba03171dd71e1380b830a18bf375f2fd8c0e1fc50980e1a239b44edeb33f7619 [stream]
[debug] [2023-05-12T14:35:17.884Z] [uploadQueue] Retrying task aeffc52fc6bd8a14c334a18196d547fe616c670037bef999063e7e52402cb4a1
[debug] [2023-05-12T14:35:17.884Z] >>> [apiv2][query] POST https://upload-firebasehosting.googleapis.com/upload/sites/netflix-clone-b0032/versions/7d8b65859ed322cf/files/aeffc52fc6bd8a14c334a18196d547fe616c670037bef999063e7e52402cb4a1 [none]
[debug] [2023-05-12T14:35:17.885Z] >>> [apiv2][body] POST https://upload-firebasehosting.googleapis.com/upload/sites/netflix-clone-b0032/versions/7d8b65859ed322cf/files/aeffc52fc6bd8a14c334a18196d547fe616c670037bef999063e7e52402cb4a1 [stream]
[debug] [2023-05-12T14:35:27.779Z] [uploadQueue] Retrying task 74709e235aa85a28e65af1e39f44debde14d43d77265f671480c5dba9714dd6c
[debug] [2023-05-12T14:35:27.780Z] >>> [apiv2][query] POST https://upload-firebasehosting.googleapis.com/upload/sites/netflix-clone-b0032/versions/7d8b65859ed322cf/files/74709e235aa85a28e65af1e39f44debde14d43d77265f671480c5dba9714dd6c [none]
[debug] [2023-05-12T14:35:27.780Z] >>> [apiv2][body] POST https://upload-firebasehosting.googleapis.com/upload/sites/netflix-clone-b0032/versions/7d8b65859ed322cf/files/74709e235aa85a28e65af1e39f44debde14d43d77265f671480c5dba9714dd6c [stream]
[debug] [2023-05-12T14:35:53.505Z] [uploadQueue] Retrying task e19d09e2bd49c10519de75a3503a79308fdebc7b18c9595dcfbc24527db263fb
[debug] [2023-05-12T14:35:53.507Z] >>> [apiv2][query] POST https://upload-firebasehosting.googleapis.com/upload/sites/netflix-clone-b0032/versions/7d8b65859ed322cf/files/e19d09e2bd49c10519de75a3503a79308fdebc7b18c9595dcfbc24527db263fb [none]
[debug] [2023-05-12T14:35:53.507Z] >>> [apiv2][body] POST https://upload-firebasehosting.googleapis.com/upload/sites/netflix-clone-b0032/versions/7d8b65859ed322cf/files/e19d09e2bd49c10519de75a3503a79308fdebc7b18c9595dcfbc24527db263fb [stream]
[debug] [2023-05-12T14:35:54.305Z] [uploadQueue] Retrying task ba03171dd71e1380b830a18bf375f2fd8c0e1fc50980e1a239b44edeb33f7619
[debug] [2023-05-12T14:35:54.306Z] >>> [apiv2][query] POST https://upload-firebasehosting.googleapis.com/upload/sites/netflix-clone-b0032/versions/7d8b65859ed322cf/files/ba03171dd71e1380b830a18bf375f2fd8c0e1fc50980e1a239b44edeb33f7619 [none]
[debug] [2023-05-12T14:35:54.306Z] >>> [apiv2][body] POST https://upload-firebasehosting.googleapis.com/upload/sites/netflix-clone-b0032/versions/7d8b65859ed322cf/files/ba03171dd71e1380b830a18bf375f2fd8c0e1fc50980e1a239b44edeb33f7619 [stream]
[debug] [2023-05-12T14:35:54.307Z] [uploadQueue] Retrying task aeffc52fc6bd8a14c334a18196d547fe616c670037bef999063e7e52402cb4a1
[debug] [2023-05-12T14:35:54.308Z] >>> [apiv2][query] POST https://upload-firebasehosting.googleapis.com/upload/sites/netflix-clone-b0032/versions/7d8b65859ed322cf/files/aeffc52fc6bd8a14c334a18196d547fe616c670037bef999063e7e52402cb4a1 [none]
[debug] [2023-05-12T14:35:54.308Z] >>> [apiv2][body] POST https://upload-firebasehosting.googleapis.com/upload/sites/netflix-clone-b0032/versions/7d8b65859ed322cf/files/aeffc52fc6bd8a14c334a18196d547fe616c670037bef999063e7e52402cb4a1 [stream]
[debug] [2023-05-12T14:36:06.688Z] [uploadQueue] Retrying task 74709e235aa85a28e65af1e39f44debde14d43d77265f671480c5dba9714dd6c
[debug] [2023-05-12T14:36:06.689Z] >>> [apiv2][query] POST https://upload-firebasehosting.googleapis.com/upload/sites/netflix-clone-b0032/versions/7d8b65859ed322cf/files/74709e235aa85a28e65af1e39f44debde14d43d77265f671480c5dba9714dd6c [none]
[debug] [2023-05-12T14:36:06.689Z] >>> [apiv2][body] POST https://upload-firebasehosting.googleapis.com/upload/sites/netflix-clone-b0032/versions/7d8b65859ed322cf/files/74709e235aa85a28e65af1e39f44debde14d43d77265f671480c5dba9714dd6c [stream]
[debug] Task ba03171dd71e1380b830a18bf375f2fd8c0e1fc50980e1a239b44edeb33f7619 failed: retries exhausted after 6 attempts, with error: Timeout reached making request to https://upload-firebasehosting.googleapis.com/upload/sites/netflix-clone-b0032/versions/7d8b65859ed322cf/files/ba03171dd71e1380b830a18bf375f2fd8c0e1fc50980e1a239b44edeb33f7619
[debug] [2023-05-12T14:36:24.310Z] [hosting][upload queue][FINAL] {"max":0,"min":9999999999,"avg":0,"active":3,"complete":1,"success":0,"errored":1,"retried":16,"total":4,"elapsed":192494}
[debug] Task aeffc52fc6bd8a14c334a18196d547fe616c670037bef999063e7e52402cb4a1 failed: retries exhausted after 6 attempts, with error: Timeout reached making request to https://upload-firebasehosting.googleapis.com/upload/sites/netflix-clone-b0032/versions/7d8b65859ed322cf/files/aeffc52fc6bd8a14c334a18196d547fe616c670037bef999063e7e52402cb4a1
[debug] [2023-05-12T14:36:29.321Z] Error: Timed out.
    at Timeout._onTimeout (N:\Coding\Web Dev\React\netflix-clone\node_modules\firebase-tools\lib\utils.js:253:49)
    at listOnTimeout (node:internal/timers:564:17)
    at process.processTimers (node:internal/timers:507:7)
[error] 
[error] Error: An unexpected error has occurred.
